Build started 02/05/2015 18:13:33.
     1>Project "C:\Users\Natalia\Documents\Visual Studio 2013\Projects\Exercicio_Arquivos2\Exercicio_Arquivos\Exercicio_Arquivos.vcxproj" on node 2 (Build target(s)).
     1>ClCompile:
         C:\Program Files (x86)\Microsoft Visual Studio 12.0\VC\bin\CL.exe /c /ZI /nologo /W3 /WX- /Od /Oy- /D WIN32 /D _DEBUG /D _CONSOLE /D _LIB /D _UNICODE /D UNICODE /Gm /EHsc /RTC1 /MDd /GS /fp:precise /Zc:wchar_t /Zc:forScope /Yc"stdafx.h" /Fp"Debug\Exercicio_Arquivos.pch" /Fo"Debug\\" /Fd"Debug\vc120.pdb" /Gd /TP /analyze- /errorReport:prompt stdafx.cpp
         stdafx.cpp
         C:\Program Files (x86)\Microsoft Visual Studio 12.0\VC\bin\CL.exe /c /ZI /nologo /W3 /WX- /Od /Oy- /D WIN32 /D _DEBUG /D _CONSOLE /D _LIB /D _UNICODE /D UNICODE /Gm /EHsc /RTC1 /MDd /GS /fp:precise /Zc:wchar_t /Zc:forScope /Yu"stdafx.h" /Fp"Debug\Exercicio_Arquivos.pch" /Fo"Debug\\" /Fd"Debug\vc120.pdb" /Gd /TP /analyze- /errorReport:prompt Exercicio_Arquivos.cpp
         Exercicio_Arquivos.cpp
     1>c:\users\natalia\documents\visual studio 2013\projects\exercicio_arquivos2\exercicio_arquivos\exercicio_arquivos.cpp(31): warning C4996: 'scanf': This function or variable may be unsafe. Consider using scanf_s instead. To disable deprecation, use _CRT_SECURE_NO_WARNINGS. See online help for details.
                 c:\program files (x86)\microsoft visual studio 12.0\vc\include\stdio.h(283) : see declaration of 'scanf'
     1>c:\users\natalia\documents\visual studio 2013\projects\exercicio_arquivos2\exercicio_arquivos\exercicio_arquivos.cpp(40): warning C4996: 'fopen': This function or variable may be unsafe. Consider using fopen_s instead. To disable deprecation, use _CRT_SECURE_NO_WARNINGS. See online help for details.
                 c:\program files (x86)\microsoft visual studio 12.0\vc\include\stdio.h(211) : see declaration of 'fopen'
     1>c:\users\natalia\documents\visual studio 2013\projects\exercicio_arquivos2\exercicio_arquivos\exercicio_arquivos.cpp(59): warning C4996: 'fopen': This function or variable may be unsafe. Consider using fopen_s instead. To disable deprecation, use _CRT_SECURE_NO_WARNINGS. See online help for details.
                 c:\program files (x86)\microsoft visual studio 12.0\vc\include\stdio.h(211) : see declaration of 'fopen'
     1>c:\users\natalia\documents\visual studio 2013\projects\exercicio_arquivos2\exercicio_arquivos\exercicio_arquivos.cpp(62): warning C4996: 'fopen': This function or variable may be unsafe. Consider using fopen_s instead. To disable deprecation, use _CRT_SECURE_NO_WARNINGS. See online help for details.
                 c:\program files (x86)\microsoft visual studio 12.0\vc\include\stdio.h(211) : see declaration of 'fopen'
     1>c:\users\natalia\documents\visual studio 2013\projects\exercicio_arquivos2\exercicio_arquivos\exercicio_arquivos.cpp(83): warning C4996: 'fopen': This function or variable may be unsafe. Consider using fopen_s instead. To disable deprecation, use _CRT_SECURE_NO_WARNINGS. See online help for details.
                 c:\program files (x86)\microsoft visual studio 12.0\vc\include\stdio.h(211) : see declaration of 'fopen'
     1>c:\users\natalia\documents\visual studio 2013\projects\exercicio_arquivos2\exercicio_arquivos\exercicio_arquivos.cpp(86): warning C4996: 'fopen': This function or variable may be unsafe. Consider using fopen_s instead. To disable deprecation, use _CRT_SECURE_NO_WARNINGS. See online help for details.
                 c:\program files (x86)\microsoft visual studio 12.0\vc\include\stdio.h(211) : see declaration of 'fopen'
       Link:
         C:\Program Files (x86)\Microsoft Visual Studio 12.0\VC\bin\link.exe /ERRORREPORT:PROMPT /OUT:"C:\Users\Natalia\Documents\Visual Studio 2013\Projects\Exercicio_Arquivos2\Debug\Exercicio_Arquivos.exe" /INCREMENTAL /NOLOGO kernel32.lib user32.lib gdi32.lib winspool.lib comdlg32.lib advapi32.lib shell32.lib ole32.lib oleaut32.lib uuid.lib odbc32.lib odbccp32.lib /MANIFEST /MANIFESTUAC:"level='asInvoker' uiAccess='false'" /manifest:embed /DEBUG /PDB:"C:\Users\Natalia\Documents\Visual Studio 2013\Projects\Exercicio_Arquivos2\Debug\Exercicio_Arquivos.pdb" /SUBSYSTEM:CONSOLE /TLBID:1 /DYNAMICBASE /NXCOMPAT /IMPLIB:"C:\Users\Natalia\Documents\Visual Studio 2013\Projects\Exercicio_Arquivos2\Debug\Exercicio_Arquivos.lib" /MACHINE:X86 Debug\Exercicio_Arquivos.obj
         Debug\stdafx.obj
         Exercicio_Arquivos.vcxproj -> C:\Users\Natalia\Documents\Visual Studio 2013\Projects\Exercicio_Arquivos2\Debug\Exercicio_Arquivos.exe
     1>Done Building Project "C:\Users\Natalia\Documents\Visual Studio 2013\Projects\Exercicio_Arquivos2\Exercicio_Arquivos\Exercicio_Arquivos.vcxproj" (Build target(s)).

Build succeeded.

Time Elapsed 00:00:06.01
